<?xml version="1.0" encoding="UTF-8"?>
<coverage generated="1574954548937" clover="3.2.0">
  <project timestamp="1574954548937" name="All files">
    <metrics statements="51" coveredstatements="42" conditionals="18" coveredconditionals="14" methods="19" coveredmethods="11" elements="88" coveredelements="67" complexity="0" loc="51" ncloc="51" packages="5" files="11" classes="11"/>
    <package name="BL.store">
      <metrics statements="14" coveredstatements="14" conditionals="11" coveredconditionals="9" methods="4" coveredmethods="4"/>
      <file name="configure-store.js" path="/Users/stevensierra/Documents/next-redux-saga/BL/store/configure-store.js">
        <metrics statements="5" coveredstatements="5" conditionals="5" coveredconditionals="4" methods="1" coveredmethods="1"/>
        <line num="9" count="8" type="stmt"/>
        <line num="10" count="8" type="stmt"/>
        <line num="18" count="8" type="cond" truecount="3" falsecount="1"/>
        <line num="19" count="8" type="stmt"/>
        <line num="22" count="8" type="stmt"/>
      </file>
      <file name="root-reducer.js" path="/Users/stevensierra/Documents/next-redux-saga/BL/store/root-reducer.js">
        <metrics statements="5" coveredstatements="5" conditionals="4" coveredconditionals="4" methods="1" coveredmethods="1"/>
        <line num="6" count="2" type="stmt"/>
        <line num="9" count="18" type="cond" truecount="3" falsecount="0"/>
        <line num="11" count="4" type="stmt"/>
        <line num="13" count="1" type="stmt"/>
        <line num="15" count="13" type="stmt"/>
      </file>
      <file name="root-saga.js" path="/Users/stevensierra/Documents/next-redux-saga/BL/store/root-saga.js">
        <metrics statements="4" coveredstatements="4" conditionals="2" coveredconditionals="1" methods="2" coveredmethods="2"/>
        <line num="9" count="2" type="stmt"/>
        <line num="12" count="2" type="cond" truecount="1" falsecount="1"/>
        <line num="14" count="1" type="stmt"/>
        <line num="21" count="8" type="stmt"/>
      </file>
    </package>
    <package name="BL.test">
      <metrics statements="6" coveredstatements="6" conditionals="0" coveredconditionals="0" methods="0" coveredmethods="0"/>
      <file name="constants.js" path="/Users/stevensierra/Documents/next-redux-saga/BL/test/constants.js">
        <metrics statements="6" coveredstatements="6" conditionals="0" coveredconditionals="0" methods="0" coveredmethods="0"/>
        <line num="1" count="2" type="stmt"/>
        <line num="3" count="2" type="stmt"/>
        <line num="4" count="2" type="stmt"/>
        <line num="6" count="2" type="stmt"/>
        <line num="7" count="2" type="stmt"/>
        <line num="8" count="2" type="stmt"/>
      </file>
    </package>
    <package name="BL.test.components">
      <metrics statements="16" coveredstatements="7" conditionals="0" coveredconditionals="0" methods="10" coveredmethods="2"/>
      <file name="async-get-initial-props.js" path="/Users/stevensierra/Documents/next-redux-saga/BL/test/components/async-get-initial-props.js">
        <metrics statements="6" coveredstatements="4" conditionals="0" coveredconditionals="0" methods="3" coveredmethods="1"/>
        <line num="14" count="2" type="stmt"/>
        <line num="16" count="2" type="stmt"/>
        <line num="21" count="2" type="stmt"/>
        <line num="22" count="2" type="stmt"/>
        <line num="26" count="0" type="stmt"/>
        <line num="30" count="0" type="stmt"/>
      </file>
      <file name="class-component.js" path="/Users/stevensierra/Documents/next-redux-saga/BL/test/components/class-component.js">
        <metrics statements="3" coveredstatements="0" conditionals="0" coveredconditionals="0" methods="2" coveredmethods="0"/>
        <line num="7" count="0" type="stmt"/>
        <line num="8" count="0" type="stmt"/>
        <line num="17" count="0" type="stmt"/>
      </file>
      <file name="functional-component.js" path="/Users/stevensierra/Documents/next-redux-saga/BL/test/components/functional-component.js">
        <metrics statements="2" coveredstatements="0" conditionals="0" coveredconditionals="0" methods="2" coveredmethods="0"/>
        <line num="5" count="0" type="stmt"/>
        <line num="8" count="0" type="stmt"/>
      </file>
      <file name="sync-get-initial-props.js" path="/Users/stevensierra/Documents/next-redux-saga/BL/test/components/sync-get-initial-props.js">
        <metrics statements="5" coveredstatements="3" conditionals="0" coveredconditionals="0" methods="3" coveredmethods="1"/>
        <line num="13" count="2" type="stmt"/>
        <line num="15" count="2" type="stmt"/>
        <line num="20" count="2" type="stmt"/>
        <line num="24" count="0" type="stmt"/>
        <line num="28" count="0" type="stmt"/>
      </file>
    </package>
    <package name="BL.test.utils">
      <metrics statements="5" coveredstatements="5" conditionals="0" coveredconditionals="0" methods="2" coveredmethods="2"/>
      <file name="create-snapshot.js" path="/Users/stevensierra/Documents/next-redux-saga/BL/test/utils/create-snapshot.js">
        <metrics statements="4" coveredstatements="4" conditionals="0" coveredconditionals="0" methods="1" coveredmethods="1"/>
        <line num="7" count="8" type="stmt"/>
        <line num="10" count="8" type="stmt"/>
        <line num="11" count="8" type="stmt"/>
        <line num="13" count="8" type="stmt"/>
      </file>
      <file name="get-initial-props.js" path="/Users/stevensierra/Documents/next-redux-saga/BL/test/utils/get-initial-props.js">
        <metrics statements="1" coveredstatements="1" conditionals="0" coveredconditionals="0" methods="1" coveredmethods="1"/>
        <line num="3" count="6" type="stmt"/>
      </file>
    </package>
    <package name="UI">
      <metrics statements="10" coveredstatements="10" conditionals="7" coveredconditionals="5" methods="3" coveredmethods="3"/>
      <file name="index.js" path="/Users/stevensierra/Documents/next-redux-saga/UI/index.js">
        <metrics statements="10" coveredstatements="10" conditionals="7" coveredconditionals="5" methods="3" coveredmethods="3"/>
        <line num="12" count="6" type="stmt"/>
        <line num="14" count="6" type="stmt"/>
        <line num="15" count="6" type="cond" truecount="2" falsecount="0"/>
        <line num="16" count="4" type="stmt"/>
        <line num="20" count="6" type="cond" truecount="2" falsecount="0"/>
        <line num="21" count="3" type="stmt"/>
        <line num="22" count="3" type="stmt"/>
        <line num="25" count="6" type="stmt"/>
        <line num="29" count="8" type="stmt"/>
        <line num="33" count="8" type="stmt"/>
      </file>
    </package>
  </project>
</coverage>
