{"/Users/stevensierra/Documents/next-redux-saga/BL/store/configure-store.js": {"path":"/Users/stevensierra/Documents/next-redux-saga/BL/store/configure-store.js","statementMap":{"0":{"start":{"line":9,"column":25},"end":{"line":9,"column":47}},"1":{"start":{"line":10,"column":16},"end":{"line":16,"column":3}},"2":{"start":{"line":18,"column":2},"end":{"line":20,"column":3}},"3":{"start":{"line":19,"column":4},"end":{"line":19,"column":49}},"4":{"start":{"line":22,"column":2},"end":{"line":22,"column":14}}},"fnMap":{"0":{"name":"configureStore","decl":{"start":{"line":8,"column":9},"end":{"line":8,"column":23}},"loc":{"start":{"line":8,"column":64},"end":{"line":23,"column":1}},"line":8}},"branchMap":{"0":{"loc":{"start":{"line":8,"column":51},"end":{"line":8,"column":61}},"type":"default-arg","locations":[{"start":{"line":8,"column":57},"end":{"line":8,"column":61}}],"line":8},"1":{"loc":{"start":{"line":18,"column":2},"end":{"line":20,"column":3}},"type":"if","locations":[{"start":{"line":18,"column":2},"end":{"line":20,"column":3}},{"start":{"line":18,"column":2},"end":{"line":20,"column":3}}],"line":18},"2":{"loc":{"start":{"line":18,"column":6},"end":{"line":18,"column":22}},"type":"binary-expr","locations":[{"start":{"line":18,"column":6},"end":{"line":18,"column":9}},{"start":{"line":18,"column":13},"end":{"line":18,"column":22}}],"line":18}},"s":{"0":8,"1":8,"2":8,"3":8,"4":8},"f":{"0":8},"b":{"0":[1],"1":[8,0],"2":[8,1]},"_coverageSchema":"43e27e138ebf9cfc5966b082cf9a028302ed4184","hash":"aa740d9f938626d61ae3c781844643f47281017f"}
,"/Users/stevensierra/Documents/next-redux-saga/BL/store/root-reducer.js": {"path":"/Users/stevensierra/Documents/next-redux-saga/BL/store/root-reducer.js","statementMap":{"0":{"start":{"line":6,"column":21},"end":{"line":6,"column":23}},"1":{"start":{"line":9,"column":2},"end":{"line":16,"column":3}},"2":{"start":{"line":11,"column":6},"end":{"line":11,"column":51}},"3":{"start":{"line":13,"column":6},"end":{"line":13,"column":56}},"4":{"start":{"line":15,"column":6},"end":{"line":15,"column":18}}},"fnMap":{"0":{"name":"rootReducer","decl":{"start":{"line":8,"column":9},"end":{"line":8,"column":20}},"loc":{"start":{"line":8,"column":51},"end":{"line":17,"column":1}},"line":8}},"branchMap":{"0":{"loc":{"start":{"line":8,"column":21},"end":{"line":8,"column":41}},"type":"default-arg","locations":[{"start":{"line":8,"column":29},"end":{"line":8,"column":41}}],"line":8},"1":{"loc":{"start":{"line":9,"column":2},"end":{"line":16,"column":3}},"type":"switch","locations":[{"start":{"line":10,"column":4},"end":{"line":11,"column":51}},{"start":{"line":12,"column":4},"end":{"line":13,"column":56}},{"start":{"line":14,"column":4},"end":{"line":15,"column":18}}],"line":9}},"s":{"0":2,"1":18,"2":4,"3":1,"4":13},"f":{"0":18},"b":{"0":[5],"1":[4,1,13]},"_coverageSchema":"43e27e138ebf9cfc5966b082cf9a028302ed4184","hash":"dc2a71b7e5606b106134a813ffdbf833cecc6c58"}
,"/Users/stevensierra/Documents/next-redux-saga/BL/store/root-saga.js": {"path":"/Users/stevensierra/Documents/next-redux-saga/BL/store/root-saga.js","statementMap":{"0":{"start":{"line":9,"column":13},"end":{"line":9,"column":44}},"1":{"start":{"line":12,"column":2},"end":{"line":12,"column":32}},"2":{"start":{"line":14,"column":2},"end":{"line":17,"column":4}},"3":{"start":{"line":21,"column":2},"end":{"line":21,"column":72}}},"fnMap":{"0":{"name":"getAsyncReduxSagaProp","decl":{"start":{"line":11,"column":10},"end":{"line":11,"column":31}},"loc":{"start":{"line":11,"column":34},"end":{"line":18,"column":1}},"line":11},"1":{"name":"rootSaga","decl":{"start":{"line":20,"column":10},"end":{"line":20,"column":18}},"loc":{"start":{"line":20,"column":21},"end":{"line":22,"column":1}},"line":20}},"branchMap":{"0":{"loc":{"start":{"line":12,"column":14},"end":{"line":12,"column":31}},"type":"cond-expr","locations":[{"start":{"line":12,"column":21},"end":{"line":12,"column":24}},{"start":{"line":12,"column":27},"end":{"line":12,"column":31}}],"line":12}},"s":{"0":2,"1":2,"2":1,"3":8},"f":{"0":2,"1":8},"b":{"0":[2,0]},"_coverageSchema":"43e27e138ebf9cfc5966b082cf9a028302ed4184","hash":"112d89cbd1bb60df20a66038ad174eb2034b5a91"}
,"/Users/stevensierra/Documents/next-redux-saga/BL/test/constants.js": {"path":"/Users/stevensierra/Documents/next-redux-saga/BL/test/constants.js","statementMap":{"0":{"start":{"line":1,"column":40},"end":{"line":1,"column":61}},"1":{"start":{"line":3,"column":46},"end":{"line":3,"column":73}},"2":{"start":{"line":4,"column":54},"end":{"line":4,"column":89}},"3":{"start":{"line":6,"column":32},"end":{"line":6,"column":71}},"4":{"start":{"line":7,"column":36},"end":{"line":7,"column":68}},"5":{"start":{"line":8,"column":42},"end":{"line":8,"column":80}}},"fnMap":{},"branchMap":{},"s":{"0":2,"1":2,"2":2,"3":2,"4":2,"5":2},"f":{},"b":{},"_coverageSchema":"43e27e138ebf9cfc5966b082cf9a028302ed4184","hash":"d58958c4fd88b47ab410d3a9778511f04c5871d9"}
,"/Users/stevensierra/Documents/next-redux-saga/BL/test/components/async-get-initial-props.js": {"path":"/Users/stevensierra/Documents/next-redux-saga/BL/test/components/async-get-initial-props.js","statementMap":{"0":{"start":{"line":14,"column":20},"end":{"line":14,"column":29}},"1":{"start":{"line":16,"column":4},"end":{"line":19,"column":6}},"2":{"start":{"line":21,"column":4},"end":{"line":21,"column":58}},"3":{"start":{"line":22,"column":4},"end":{"line":22,"column":41}},"4":{"start":{"line":26,"column":4},"end":{"line":26,"column":72}},"5":{"start":{"line":30,"column":32},"end":{"line":30,"column":37}}},"fnMap":{"0":{"name":"(anonymous_0)","decl":{"start":{"line":13,"column":2},"end":{"line":13,"column":3}},"loc":{"start":{"line":13,"column":38},"end":{"line":23,"column":3}},"line":13},"1":{"name":"(anonymous_1)","decl":{"start":{"line":25,"column":2},"end":{"line":25,"column":3}},"loc":{"start":{"line":25,"column":11},"end":{"line":27,"column":3}},"line":25},"2":{"name":"(anonymous_2)","decl":{"start":{"line":30,"column":23},"end":{"line":30,"column":24}},"loc":{"start":{"line":30,"column":32},"end":{"line":30,"column":37}},"line":30}},"branchMap":{},"s":{"0":2,"1":2,"2":2,"3":2,"4":0,"5":0},"f":{"0":2,"1":0,"2":0},"b":{},"_coverageSchema":"43e27e138ebf9cfc5966b082cf9a028302ed4184","hash":"957a39229bca70562cbff2941f344dd7a2d833f6"}
,"/Users/stevensierra/Documents/next-redux-saga/BL/test/components/class-component.js": {"path":"/Users/stevensierra/Documents/next-redux-saga/BL/test/components/class-component.js","statementMap":{"0":{"start":{"line":7,"column":19},"end":{"line":7,"column":29}},"1":{"start":{"line":8,"column":4},"end":{"line":13,"column":5}},"2":{"start":{"line":17,"column":32},"end":{"line":17,"column":37}}},"fnMap":{"0":{"name":"(anonymous_0)","decl":{"start":{"line":6,"column":2},"end":{"line":6,"column":3}},"loc":{"start":{"line":6,"column":11},"end":{"line":14,"column":3}},"line":6},"1":{"name":"(anonymous_1)","decl":{"start":{"line":17,"column":23},"end":{"line":17,"column":24}},"loc":{"start":{"line":17,"column":32},"end":{"line":17,"column":37}},"line":17}},"branchMap":{},"s":{"0":0,"1":0,"2":0},"f":{"0":0,"1":0},"b":{},"_coverageSchema":"43e27e138ebf9cfc5966b082cf9a028302ed4184","hash":"8269e33c4e51b54a0a2bd88583ec66086b9eb977"}
,"/Users/stevensierra/Documents/next-redux-saga/BL/test/components/functional-component.js": {"path":"/Users/stevensierra/Documents/next-redux-saga/BL/test/components/functional-component.js","statementMap":{"0":{"start":{"line":5,"column":2},"end":{"line":5,"column":64}},"1":{"start":{"line":8,"column":32},"end":{"line":8,"column":37}}},"fnMap":{"0":{"name":"FunctionalComponent","decl":{"start":{"line":4,"column":9},"end":{"line":4,"column":28}},"loc":{"start":{"line":4,"column":36},"end":{"line":6,"column":1}},"line":4},"1":{"name":"(anonymous_1)","decl":{"start":{"line":8,"column":23},"end":{"line":8,"column":24}},"loc":{"start":{"line":8,"column":32},"end":{"line":8,"column":37}},"line":8}},"branchMap":{},"s":{"0":0,"1":0},"f":{"0":0,"1":0},"b":{},"_coverageSchema":"43e27e138ebf9cfc5966b082cf9a028302ed4184","hash":"9c353e16f636ed3774e0cff091ade544128761b2"}
,"/Users/stevensierra/Documents/next-redux-saga/BL/test/components/sync-get-initial-props.js": {"path":"/Users/stevensierra/Documents/next-redux-saga/BL/test/components/sync-get-initial-props.js","statementMap":{"0":{"start":{"line":13,"column":20},"end":{"line":13,"column":29}},"1":{"start":{"line":15,"column":4},"end":{"line":18,"column":6}},"2":{"start":{"line":20,"column":4},"end":{"line":20,"column":41}},"3":{"start":{"line":24,"column":4},"end":{"line":24,"column":71}},"4":{"start":{"line":28,"column":32},"end":{"line":28,"column":37}}},"fnMap":{"0":{"name":"(anonymous_0)","decl":{"start":{"line":12,"column":2},"end":{"line":12,"column":3}},"loc":{"start":{"line":12,"column":32},"end":{"line":21,"column":3}},"line":12},"1":{"name":"(anonymous_1)","decl":{"start":{"line":23,"column":2},"end":{"line":23,"column":3}},"loc":{"start":{"line":23,"column":11},"end":{"line":25,"column":3}},"line":23},"2":{"name":"(anonymous_2)","decl":{"start":{"line":28,"column":23},"end":{"line":28,"column":24}},"loc":{"start":{"line":28,"column":32},"end":{"line":28,"column":37}},"line":28}},"branchMap":{},"s":{"0":2,"1":2,"2":2,"3":0,"4":0},"f":{"0":2,"1":0,"2":0},"b":{},"_coverageSchema":"43e27e138ebf9cfc5966b082cf9a028302ed4184","hash":"195092b48f00b3ce8086c829ca9d93a7a5656883"}
,"/Users/stevensierra/Documents/next-redux-saga/BL/test/utils/create-snapshot.js": {"path":"/Users/stevensierra/Documents/next-redux-saga/BL/test/utils/create-snapshot.js","statementMap":{"0":{"start":{"line":7,"column":20},"end":{"line":7,"column":67}},"1":{"start":{"line":10,"column":15},"end":{"line":10,"column":32}},"2":{"start":{"line":11,"column":2},"end":{"line":11,"column":25}},"3":{"start":{"line":13,"column":2},"end":{"line":13,"column":32}}},"fnMap":{"0":{"name":"createSnapshot","decl":{"start":{"line":5,"column":9},"end":{"line":5,"column":23}},"loc":{"start":{"line":5,"column":49},"end":{"line":14,"column":1}},"line":5}},"branchMap":{},"s":{"0":8,"1":8,"2":8,"3":8},"f":{"0":8},"b":{},"_coverageSchema":"43e27e138ebf9cfc5966b082cf9a028302ed4184","hash":"63d82460bf3bc1dd75328b1d583e6d9a71b323eb"}
,"/Users/stevensierra/Documents/next-redux-saga/BL/test/utils/get-initial-props.js": {"path":"/Users/stevensierra/Documents/next-redux-saga/BL/test/utils/get-initial-props.js","statementMap":{"0":{"start":{"line":3,"column":2},"end":{"line":3,"column":52}}},"fnMap":{"0":{"name":"getInitialProps","decl":{"start":{"line":1,"column":9},"end":{"line":1,"column":24}},"loc":{"start":{"line":1,"column":43},"end":{"line":4,"column":1}},"line":1}},"branchMap":{},"s":{"0":6},"f":{"0":6},"b":{},"_coverageSchema":"43e27e138ebf9cfc5966b082cf9a028302ed4184","hash":"5a47694b4313089b010183e79760017fe7e0092f"}
,"/Users/stevensierra/Documents/next-redux-saga/UI/index.js": {"path":"/Users/stevensierra/Documents/next-redux-saga/UI/index.js","statementMap":{"0":{"start":{"line":12,"column":32},"end":{"line":12,"column":41}},"1":{"start":{"line":14,"column":22},"end":{"line":14,"column":24}},"2":{"start":{"line":15,"column":6},"end":{"line":17,"column":7}},"3":{"start":{"line":16,"column":8},"end":{"line":16,"column":62}},"4":{"start":{"line":20,"column":6},"end":{"line":23,"column":7}},"5":{"start":{"line":21,"column":8},"end":{"line":21,"column":27}},"6":{"start":{"line":22,"column":8},"end":{"line":22,"column":40}},"7":{"start":{"line":25,"column":6},"end":{"line":25,"column":22}},"8":{"start":{"line":29,"column":6},"end":{"line":29,"column":46}},"9":{"start":{"line":33,"column":2},"end":{"line":33,"column":25}}},"fnMap":{"0":{"name":"withReduxSaga","decl":{"start":{"line":5,"column":9},"end":{"line":5,"column":22}},"loc":{"start":{"line":5,"column":38},"end":{"line":34,"column":1}},"line":5},"1":{"name":"(anonymous_1)","decl":{"start":{"line":11,"column":4},"end":{"line":11,"column":5}},"loc":{"start":{"line":11,"column":40},"end":{"line":26,"column":5}},"line":11},"2":{"name":"(anonymous_2)","decl":{"start":{"line":28,"column":4},"end":{"line":28,"column":5}},"loc":{"start":{"line":28,"column":13},"end":{"line":30,"column":5}},"line":28}},"branchMap":{"0":{"loc":{"start":{"line":7,"column":42},"end":{"line":9,"column":21}},"type":"binary-expr","locations":[{"start":{"line":7,"column":42},"end":{"line":7,"column":67}},{"start":{"line":8,"column":6},"end":{"line":8,"column":24}},{"start":{"line":9,"column":6},"end":{"line":9,"column":21}}],"line":7},"1":{"loc":{"start":{"line":15,"column":6},"end":{"line":17,"column":7}},"type":"if","locations":[{"start":{"line":15,"column":6},"end":{"line":17,"column":7}},{"start":{"line":15,"column":6},"end":{"line":17,"column":7}}],"line":15},"2":{"loc":{"start":{"line":20,"column":6},"end":{"line":23,"column":7}},"type":"if","locations":[{"start":{"line":20,"column":6},"end":{"line":23,"column":7}},{"start":{"line":20,"column":6},"end":{"line":23,"column":7}}],"line":20}},"s":{"0":6,"1":6,"2":6,"3":4,"4":6,"5":3,"6":3,"7":6,"8":8,"9":8},"f":{"0":8,"1":6,"2":8},"b":{"0":[8,0,0],"1":[4,2],"2":[3,3]},"_coverageSchema":"43e27e138ebf9cfc5966b082cf9a028302ed4184","hash":"f8c6ed1cecda676917eda0086e9aebb4909e6b8b"}
}
