TN:
SF:/Users/stevensierra/Documents/next-redux-saga/BL/store/configure-store.js
FN:8,configureStore
FNF:1
FNH:1
FNDA:8,configureStore
DA:9,8
DA:10,8
DA:18,8
DA:19,8
DA:22,8
LF:5
LH:5
BRDA:8,0,0,1
BRDA:18,1,0,8
BRDA:18,1,1,0
BRDA:18,2,0,8
BRDA:18,2,1,1
BRF:5
BRH:4
end_of_record
TN:
SF:/Users/stevensierra/Documents/next-redux-saga/BL/store/root-reducer.js
FN:8,rootReducer
FNF:1
FNH:1
FNDA:18,rootReducer
DA:6,2
DA:9,18
DA:11,4
DA:13,1
DA:15,13
LF:5
LH:5
BRDA:8,0,0,5
BRDA:9,1,0,4
BRDA:9,1,1,1
BRDA:9,1,2,13
BRF:4
BRH:4
end_of_record
TN:
SF:/Users/stevensierra/Documents/next-redux-saga/BL/store/root-saga.js
FN:11,getAsyncReduxSagaProp
FN:20,rootSaga
FNF:2
FNH:2
FNDA:2,getAsyncReduxSagaProp
FNDA:8,rootSaga
DA:9,2
DA:12,2
DA:14,1
DA:21,8
LF:4
LH:4
BRDA:12,0,0,2
BRDA:12,0,1,0
BRF:2
BRH:1
end_of_record
TN:
SF:/Users/stevensierra/Documents/next-redux-saga/BL/test/constants.js
FNF:0
FNH:0
DA:1,2
DA:3,2
DA:4,2
DA:6,2
DA:7,2
DA:8,2
LF:6
LH:6
BRF:0
BRH:0
end_of_record
TN:
SF:/Users/stevensierra/Documents/next-redux-saga/BL/test/components/async-get-initial-props.js
FN:13,(anonymous_0)
FN:25,(anonymous_1)
FN:30,(anonymous_2)
FNF:3
FNH:1
FNDA:2,(anonymous_0)
FNDA:0,(anonymous_1)
FNDA:0,(anonymous_2)
DA:14,2
DA:16,2
DA:21,2
DA:22,2
DA:26,0
DA:30,0
LF:6
LH:4
BRF:0
BRH:0
end_of_record
TN:
SF:/Users/stevensierra/Documents/next-redux-saga/BL/test/components/class-component.js
FN:6,(anonymous_0)
FN:17,(anonymous_1)
FNF:2
FNH:0
FNDA:0,(anonymous_0)
FNDA:0,(anonymous_1)
DA:7,0
DA:8,0
DA:17,0
LF:3
LH:0
BRF:0
BRH:0
end_of_record
TN:
SF:/Users/stevensierra/Documents/next-redux-saga/BL/test/components/functional-component.js
FN:4,FunctionalComponent
FN:8,(anonymous_1)
FNF:2
FNH:0
FNDA:0,FunctionalComponent
FNDA:0,(anonymous_1)
DA:5,0
DA:8,0
LF:2
LH:0
BRF:0
BRH:0
end_of_record
TN:
SF:/Users/stevensierra/Documents/next-redux-saga/BL/test/components/sync-get-initial-props.js
FN:12,(anonymous_0)
FN:23,(anonymous_1)
FN:28,(anonymous_2)
FNF:3
FNH:1
FNDA:2,(anonymous_0)
FNDA:0,(anonymous_1)
FNDA:0,(anonymous_2)
DA:13,2
DA:15,2
DA:20,2
DA:24,0
DA:28,0
LF:5
LH:3
BRF:0
BRH:0
end_of_record
TN:
SF:/Users/stevensierra/Documents/next-redux-saga/BL/test/utils/create-snapshot.js
FN:5,createSnapshot
FNF:1
FNH:1
FNDA:8,createSnapshot
DA:7,8
DA:10,8
DA:11,8
DA:13,8
LF:4
LH:4
BRF:0
BRH:0
end_of_record
TN:
SF:/Users/stevensierra/Documents/next-redux-saga/BL/test/utils/get-initial-props.js
FN:1,getInitialProps
FNF:1
FNH:1
FNDA:6,getInitialProps
DA:3,6
LF:1
LH:1
BRF:0
BRH:0
end_of_record
TN:
SF:/Users/stevensierra/Documents/next-redux-saga/UI/index.js
FN:5,withReduxSaga
FN:11,(anonymous_1)
FN:28,(anonymous_2)
FNF:3
FNH:3
FNDA:8,withReduxSaga
FNDA:6,(anonymous_1)
FNDA:8,(anonymous_2)
DA:12,6
DA:14,6
DA:15,6
DA:16,4
DA:20,6
DA:21,3
DA:22,3
DA:25,6
DA:29,8
DA:33,8
LF:10
LH:10
BRDA:7,0,0,8
BRDA:7,0,1,0
BRDA:7,0,2,0
BRDA:15,1,0,4
BRDA:15,1,1,2
BRDA:20,2,0,3
BRDA:20,2,1,3
BRF:7
BRH:5
end_of_record
